  CuboidMeshBuilder.cpp
  CylinderMeshBuilder.cpp
C:\Users\jonny30bass\source\repos\FinalProject\CylinderMeshBuilder.cpp(8,17): warning C4244: 'initializing': conversion from 'double' to 'float', possible loss of data
C:\Users\jonny30bass\source\repos\FinalProject\CylinderMeshBuilder.cpp(21,35): warning C4244: 'argument': conversion from 'double' to '_Ty', possible loss of data
          with
          [
              _Ty=GLfloat
          ]
C:\Users\jonny30bass\source\repos\FinalProject\CylinderMeshBuilder.cpp(21,108): warning C4244: 'argument': conversion from 'double' to '_Ty', possible loss of data
          with
          [
              _Ty=GLfloat
          ]
C:\Users\jonny30bass\source\repos\FinalProject\CylinderMeshBuilder.cpp(24,31): warning C4244: 'argument': conversion from 'double' to '_Ty', possible loss of data
          with
          [
              _Ty=GLfloat
          ]
C:\Users\jonny30bass\source\repos\FinalProject\CylinderMeshBuilder.cpp(24,93): warning C4244: 'argument': conversion from 'double' to '_Ty', possible loss of data
          with
          [
              _Ty=GLfloat
          ]
C:\Users\jonny30bass\source\repos\FinalProject\CylinderMeshBuilder.cpp(30,35): warning C4244: 'argument': conversion from 'double' to '_Ty', possible loss of data
          with
          [
              _Ty=GLfloat
          ]
C:\Users\jonny30bass\source\repos\FinalProject\CylinderMeshBuilder.cpp(30,106): warning C4244: 'argument': conversion from 'double' to '_Ty', possible loss of data
          with
          [
              _Ty=GLfloat
          ]
C:\Users\jonny30bass\source\repos\FinalProject\CylinderMeshBuilder.cpp(33,31): warning C4244: 'argument': conversion from 'double' to '_Ty', possible loss of data
          with
          [
              _Ty=GLfloat
          ]
C:\Users\jonny30bass\source\repos\FinalProject\CylinderMeshBuilder.cpp(33,93): warning C4244: 'argument': conversion from 'double' to '_Ty', possible loss of data
          with
          [
              _Ty=GLfloat
          ]
C:\Users\jonny30bass\source\repos\FinalProject\CylinderMeshBuilder.cpp(41,39): warning C4244: 'argument': conversion from 'double' to '_Ty', possible loss of data
          with
          [
              _Ty=GLfloat
          ]
C:\Users\jonny30bass\source\repos\FinalProject\CylinderMeshBuilder.cpp(41,118): warning C4244: 'argument': conversion from 'double' to '_Ty', possible loss of data
          with
          [
              _Ty=GLfloat
          ]
C:\Users\jonny30bass\source\repos\FinalProject\CylinderMeshBuilder.cpp(44,35): warning C4244: 'argument': conversion from 'double' to '_Ty', possible loss of data
          with
          [
              _Ty=GLfloat
          ]
C:\Users\jonny30bass\source\repos\FinalProject\CylinderMeshBuilder.cpp(44,103): warning C4244: 'argument': conversion from 'double' to '_Ty', possible loss of data
          with
          [
              _Ty=GLfloat
          ]
C:\Users\jonny30bass\source\repos\FinalProject\CylinderMeshBuilder.cpp(52,39): warning C4244: 'argument': conversion from 'double' to '_Ty', possible loss of data
          with
          [
              _Ty=GLfloat
          ]
C:\Users\jonny30bass\source\repos\FinalProject\CylinderMeshBuilder.cpp(52,107): warning C4244: 'argument': conversion from 'double' to '_Ty', possible loss of data
          with
          [
              _Ty=GLfloat
          ]
C:\Users\jonny30bass\source\repos\FinalProject\CylinderMeshBuilder.cpp(55,35): warning C4244: 'argument': conversion from 'double' to '_Ty', possible loss of data
          with
          [
              _Ty=GLfloat
          ]
C:\Users\jonny30bass\source\repos\FinalProject\CylinderMeshBuilder.cpp(55,92): warning C4244: 'argument': conversion from 'double' to '_Ty', possible loss of data
          with
          [
              _Ty=GLfloat
          ]
C:\Users\jonny30bass\source\repos\FinalProject\CylinderMeshBuilder.cpp(65,35): warning C4244: 'argument': conversion from 'double' to '_Ty', possible loss of data
          with
          [
              _Ty=GLfloat
          ]
C:\Users\jonny30bass\source\repos\FinalProject\CylinderMeshBuilder.cpp(65,106): warning C4244: 'argument': conversion from 'double' to '_Ty', possible loss of data
          with
          [
              _Ty=GLfloat
          ]
C:\Users\jonny30bass\source\repos\FinalProject\CylinderMeshBuilder.cpp(68,31): warning C4244: 'argument': conversion from 'double' to '_Ty', possible loss of data
          with
          [
              _Ty=GLfloat
          ]
C:\Users\jonny30bass\source\repos\FinalProject\CylinderMeshBuilder.cpp(68,93): warning C4244: 'argument': conversion from 'double' to '_Ty', possible loss of data
          with
          [
              _Ty=GLfloat
          ]
C:\Users\jonny30bass\source\repos\FinalProject\CylinderMeshBuilder.cpp(76,39): warning C4244: 'argument': conversion from 'double' to '_Ty', possible loss of data
          with
          [
              _Ty=GLfloat
          ]
C:\Users\jonny30bass\source\repos\FinalProject\CylinderMeshBuilder.cpp(76,118): warning C4244: 'argument': conversion from 'double' to '_Ty', possible loss of data
          with
          [
              _Ty=GLfloat
          ]
C:\Users\jonny30bass\source\repos\FinalProject\CylinderMeshBuilder.cpp(79,35): warning C4244: 'argument': conversion from 'double' to '_Ty', possible loss of data
          with
          [
              _Ty=GLfloat
          ]
C:\Users\jonny30bass\source\repos\FinalProject\CylinderMeshBuilder.cpp(79,103): warning C4244: 'argument': conversion from 'double' to '_Ty', possible loss of data
          with
          [
              _Ty=GLfloat
          ]
C:\Users\jonny30bass\source\repos\FinalProject\CylinderMeshBuilder.cpp(87,39): warning C4244: 'argument': conversion from 'double' to '_Ty', possible loss of data
          with
          [
              _Ty=GLfloat
          ]
C:\Users\jonny30bass\source\repos\FinalProject\CylinderMeshBuilder.cpp(87,107): warning C4244: 'argument': conversion from 'double' to '_Ty', possible loss of data
          with
          [
              _Ty=GLfloat
          ]
C:\Users\jonny30bass\source\repos\FinalProject\CylinderMeshBuilder.cpp(90,35): warning C4244: 'argument': conversion from 'double' to '_Ty', possible loss of data
          with
          [
              _Ty=GLfloat
          ]
C:\Users\jonny30bass\source\repos\FinalProject\CylinderMeshBuilder.cpp(90,92): warning C4244: 'argument': conversion from 'double' to '_Ty', possible loss of data
          with
          [
              _Ty=GLfloat
          ]
C:\Users\jonny30bass\source\repos\FinalProject\CylinderMeshBuilder.cpp(99,39): warning C4244: 'argument': conversion from 'double' to '_Ty', possible loss of data
          with
          [
              _Ty=GLfloat
          ]
C:\Users\jonny30bass\source\repos\FinalProject\CylinderMeshBuilder.cpp(99,116): warning C4244: 'argument': conversion from 'double' to '_Ty', possible loss of data
          with
          [
              _Ty=GLfloat
          ]
C:\Users\jonny30bass\source\repos\FinalProject\CylinderMeshBuilder.cpp(102,35): warning C4244: 'argument': conversion from 'double' to '_Ty', possible loss of data
          with
          [
              _Ty=GLfloat
          ]
C:\Users\jonny30bass\source\repos\FinalProject\CylinderMeshBuilder.cpp(102,103): warning C4244: 'argument': conversion from 'double' to '_Ty', possible loss of data
          with
          [
              _Ty=GLfloat
          ]
C:\Users\jonny30bass\source\repos\FinalProject\CylinderMeshBuilder.cpp(110,39): warning C4244: 'argument': conversion from 'double' to '_Ty', possible loss of data
          with
          [
              _Ty=GLfloat
          ]
C:\Users\jonny30bass\source\repos\FinalProject\CylinderMeshBuilder.cpp(110,105): warning C4244: 'argument': conversion from 'double' to '_Ty', possible loss of data
          with
          [
              _Ty=GLfloat
          ]
C:\Users\jonny30bass\source\repos\FinalProject\CylinderMeshBuilder.cpp(113,35): warning C4244: 'argument': conversion from 'double' to '_Ty', possible loss of data
          with
          [
              _Ty=GLfloat
          ]
C:\Users\jonny30bass\source\repos\FinalProject\CylinderMeshBuilder.cpp(113,92): warning C4244: 'argument': conversion from 'double' to '_Ty', possible loss of data
          with
          [
              _Ty=GLfloat
          ]
C:\Users\jonny30bass\source\repos\FinalProject\CylinderMeshBuilder.cpp(126,17): warning C4244: 'initializing': conversion from 'double' to 'float', possible loss of data
C:\Users\jonny30bass\source\repos\FinalProject\CylinderMeshBuilder.cpp(136,35): warning C4244: 'argument': conversion from 'double' to '_Ty', possible loss of data
          with
          [
              _Ty=GLfloat
          ]
C:\Users\jonny30bass\source\repos\FinalProject\CylinderMeshBuilder.cpp(136,106): warning C4244: 'argument': conversion from 'double' to '_Ty', possible loss of data
          with
          [
              _Ty=GLfloat
          ]
C:\Users\jonny30bass\source\repos\FinalProject\CylinderMeshBuilder.cpp(145,59): warning C4244: 'argument': conversion from 'double' to '_Ty', possible loss of data
          with
          [
              _Ty=GLfloat
          ]
C:\Users\jonny30bass\source\repos\FinalProject\CylinderMeshBuilder.cpp(145,127): warning C4244: 'argument': conversion from 'double' to '_Ty', possible loss of data
          with
          [
              _Ty=GLfloat
          ]
C:\Users\jonny30bass\source\repos\FinalProject\CylinderMeshBuilder.cpp(150,39): warning C4244: 'argument': conversion from 'double' to '_Ty', possible loss of data
          with
          [
              _Ty=GLfloat
          ]
C:\Users\jonny30bass\source\repos\FinalProject\CylinderMeshBuilder.cpp(150,116): warning C4244: 'argument': conversion from 'double' to '_Ty', possible loss of data
          with
          [
              _Ty=GLfloat
          ]
C:\Users\jonny30bass\source\repos\FinalProject\CylinderMeshBuilder.cpp(159,69): warning C4244: 'argument': conversion from 'double' to '_Ty', possible loss of data
          with
          [
              _Ty=GLfloat
          ]
C:\Users\jonny30bass\source\repos\FinalProject\CylinderMeshBuilder.cpp(159,143): warning C4244: 'argument': conversion from 'double' to '_Ty', possible loss of data
          with
          [
              _Ty=GLfloat
          ]
C:\Users\jonny30bass\source\repos\FinalProject\CylinderMeshBuilder.cpp(164,39): warning C4244: 'argument': conversion from 'double' to '_Ty', possible loss of data
          with
          [
              _Ty=GLfloat
          ]
C:\Users\jonny30bass\source\repos\FinalProject\CylinderMeshBuilder.cpp(164,105): warning C4244: 'argument': conversion from 'double' to '_Ty', possible loss of data
          with
          [
              _Ty=GLfloat
          ]
  FinalProject.cpp
C:\Users\jonny30bass\source\repos\FinalProject\FinalProject.cpp(68,33): warning C4305: 'initializing': truncation from 'double' to 'float'
C:\Users\jonny30bass\source\repos\FinalProject\FinalProject.cpp(69,34): warning C4305: 'initializing': truncation from 'double' to 'float'
C:\Users\jonny30bass\source\repos\FinalProject\FinalProject.cpp(70,34): warning C4305: 'initializing': truncation from 'double' to 'float'
C:\Users\jonny30bass\source\repos\FinalProject\FinalProject.cpp(73,46): warning C4305: 'initializing': truncation from 'double' to 'float'
C:\Users\jonny30bass\source\repos\FinalProject\FinalProject.cpp(80,39): warning C4305: 'initializing': truncation from 'double' to 'float'
C:\Users\jonny30bass\source\repos\FinalProject\FinalProject.cpp(81,40): warning C4305: 'initializing': truncation from 'double' to 'float'
C:\Users\jonny30bass\source\repos\FinalProject\FinalProject.cpp(82,40): warning C4305: 'initializing': truncation from 'double' to 'float'
C:\Users\jonny30bass\source\repos\FinalProject\FinalProject.cpp(537,24): warning C4244: 'initializing': conversion from 'double' to 'float', possible loss of data
C:\Users\jonny30bass\source\repos\FinalProject\FinalProject.cpp(645,26): warning C4244: '=': conversion from 'double' to 'float', possible loss of data
C:\Users\jonny30bass\source\repos\FinalProject\FinalProject.cpp(646,26): warning C4244: '=': conversion from 'double' to 'float', possible loss of data
C:\Users\jonny30bass\source\repos\FinalProject\FinalProject.cpp(651,23): warning C4244: 'initializing': conversion from 'double' to 'float', possible loss of data
C:\Users\jonny30bass\source\repos\FinalProject\FinalProject.cpp(652,23): warning C4244: 'initializing': conversion from 'double' to 'float', possible loss of data
C:\Users\jonny30bass\source\repos\FinalProject\FinalProject.cpp(655,22): warning C4244: '=': conversion from 'double' to 'float', possible loss of data
C:\Users\jonny30bass\source\repos\FinalProject\FinalProject.cpp(656,22): warning C4244: '=': conversion from 'double' to 'float', possible loss of data
  PlaneMeshBuilder.cpp
  SphereMeshBuilder.cpp
C:\Users\jonny30bass\source\repos\FinalProject\SphereMeshBuilder.cpp(17,24): warning C4244: 'initializing': conversion from 'double' to 'float', possible loss of data
C:\Users\jonny30bass\source\repos\FinalProject\SphereMeshBuilder.cpp(18,24): warning C4244: 'initializing': conversion from 'double' to 'float', possible loss of data
C:\Users\jonny30bass\source\repos\FinalProject\SphereMeshBuilder.cpp(19,24): warning C4244: 'initializing': conversion from 'double' to 'float', possible loss of data
  Generating Code...
LINK : warning LNK4098: defaultlib 'MSVCRT' conflicts with use of other libs; use /NODEFAULTLIB:library
  FinalProject.vcxproj -> C:\Users\jonny30bass\source\repos\FinalProject\Debug\FinalProject.exe
  C:\OpenGL\GLEW\bin\Release\Win32\glew32.dll
  1 File(s) copied
  C:\Users\jonny30bass\source\repos\FinalProject\\resources\textures\amp.png
  C:\Users\jonny30bass\source\repos\FinalProject\\resources\textures\amp_side.png
  C:\Users\jonny30bass\source\repos\FinalProject\\resources\textures\amp_side_face.png
  C:\Users\jonny30bass\source\repos\FinalProject\\resources\textures\battery_case_bottom.png
  C:\Users\jonny30bass\source\repos\FinalProject\\resources\textures\battery_case_side.png
  C:\Users\jonny30bass\source\repos\FinalProject\\resources\textures\battery_case_side_decal.png
  C:\Users\jonny30bass\source\repos\FinalProject\\resources\textures\battery_case_top.png
  C:\Users\jonny30bass\source\repos\FinalProject\\resources\textures\battery_terminal_side.png
  C:\Users\jonny30bass\source\repos\FinalProject\\resources\textures\battery_terminal_top.png
  C:\Users\jonny30bass\source\repos\FinalProject\\resources\textures\marble.png
  C:\Users\jonny30bass\source\repos\FinalProject\\resources\textures\phone_box.png
  C:\Users\jonny30bass\source\repos\FinalProject\\resources\textures\table_tile.png
  C:\Users\jonny30bass\source\repos\FinalProject\\resources\textures\volume_knob_front.png
  C:\Users\jonny30bass\source\repos\FinalProject\\resources\textures\volume_knob_side.png
  14 File(s) copied
